<?xml version="1.0" encoding="UTF-8"?>
<!-- Generated by org.testng.reporters.JUnitXMLReporter -->
<testsuite hostname="DESKTOP-TA0RUPS" ignored="0" name="Default test" tests="3" failures="0" timestamp="21 Jan 2025 14:41:43 GMT" time="0.045" errors="0">
  <testcase name="testWithData" time="0.009" classname="DataDrivern_Testing.TestExample"/>
  <testcase name="testWithData" time="0.001" classname="DataDrivern_Testing.TestExample"/>
  <testcase name="testWithData" time="0.0" classname="DataDrivern_Testing.TestExample"/>
</testsuite> <!-- Default test -->
