<?xml version="1.0" encoding="UTF-8"?>
<!-- Generated by org.testng.reporters.JUnitXMLReporter -->
<testsuite hostname="DESKTOP-TA0RUPS" ignored="0" name="Test" tests="8" failures="0" timestamp="16 Mar 2023 02:29:08 GMT" time="19.507" errors="0">
  <testcase name="@BeforeTest setUp" time="19.36" classname="testNG_Basics.SampleTest_3">
    <failure type="org.openqa.selenium.remote.http.ConnectionFailedException" message="Unable to establish websocket connection to http://localhost:52478/devtools/browser/b6eab972-ecc7-4354-b5e3-4063465a82fa
Build info: version: &amp;apos;4.0.0&amp;apos;, revision: &amp;apos;3a21814679&amp;apos;
System info: host: &amp;apos;DESKTOP-TA0RUPS&amp;apos;, ip: &amp;apos;192.168.0.101&amp;apos;, os.name: &amp;apos;Windows 10&amp;apos;, os.arch: &amp;apos;amd64&amp;apos;, os.version: &amp;apos;10.0&amp;apos;, java.version: &amp;apos;1.8.0_231&amp;apos;
Driver info: driver.version: ChromeDriver">
      <![CDATA[org.openqa.selenium.remote.http.ConnectionFailedException: Unable to establish websocket connection to http://localhost:52478/devtools/browser/b6eab972-ecc7-4354-b5e3-4063465a82fa
Build info: version: '4.0.0', revision: '3a21814679'
System info: host: 'DESKTOP-TA0RUPS', ip: '192.168.0.101', os.name: 'Windows 10', os.arch: 'amd64', os.version: '10.0', java.version: '1.8.0_231'
Driver info: driver.version: ChromeDriver
at org.openqa.selenium.remote.http.netty.NettyWebSocket.<init>(NettyWebSocket.java:104)
at org.openqa.selenium.remote.http.netty.NettyWebSocket.lambda$create$3(NettyWebSocket.java:137)
at org.openqa.selenium.remote.http.netty.NettyClient.openSocket(NettyClient.java:127)
at org.openqa.selenium.devtools.Connection.<init>(Connection.java:77)
at org.openqa.selenium.chromium.ChromiumDriver.lambda$new$2(ChromiumDriver.java:124)
at java.util.Optional.map(Optional.java:215)
at org.openqa.selenium.chromium.ChromiumDriver.<init>(ChromiumDriver.java:122)
at org.openqa.selenium.chrome.ChromeDriver.<init>(ChromeDriver.java:104)
at org.openqa.selenium.chrome.ChromeDriver.<init>(ChromeDriver.java:91)
at org.openqa.selenium.chrome.ChromeDriver.<init>(ChromeDriver.java:46)
at testNG_Basics.SampleTest_3.setUp(SampleTest_3.java:25)
... Removed 24 stack frames]]>
    </failure>
  </testcase> <!-- @BeforeTest setUp -->
  <testcase name="@BeforeMethod setUp" time="0.0" classname="testNG_Basics.GoogleTest_4">
    <skipped/>
  </testcase> <!-- @BeforeMethod setUp -->
  <testcase name="@AfterMethod tearDown" time="0.0" classname="testNG_Basics.GoogleTest_4">
    <skipped/>
  </testcase> <!-- @AfterMethod tearDown -->
  <testcase name="@BeforeMethod setUp" time="0.0" classname="testNG_Basics.GoogleTest_4">
    <skipped/>
  </testcase> <!-- @BeforeMethod setUp -->
  <testcase name="@AfterMethod tearDown" time="0.0" classname="testNG_Basics.GoogleTest_4">
    <skipped/>
  </testcase> <!-- @AfterMethod tearDown -->
  <testcase name="@BeforeMethod setUp" time="0.0" classname="testNG_Basics.GoogleTest_4">
    <skipped/>
  </testcase> <!-- @BeforeMethod setUp -->
  <testcase name="@AfterMethod tearDown" time="0.0" classname="testNG_Basics.GoogleTest_4">
    <skipped/>
  </testcase> <!-- @AfterMethod tearDown -->
  <testcase name="@BeforeClass launchBrowser" time="0.0" classname="testNG_Basics.AnnotatiosConcept_2">
    <skipped/>
  </testcase> <!-- @BeforeClass launchBrowser -->
  <testcase name="@BeforeMethod loginToApp" time="0.0" classname="testNG_Basics.AnnotatiosConcept_2">
    <skipped/>
  </testcase> <!-- @BeforeMethod loginToApp -->
  <testcase name="@AfterMethod logout" time="0.0" classname="testNG_Basics.AnnotatiosConcept_2">
    <skipped/>
  </testcase> <!-- @AfterMethod logout -->
  <testcase name="@BeforeMethod loginToApp" time="0.0" classname="testNG_Basics.AnnotatiosConcept_2">
    <skipped/>
  </testcase> <!-- @BeforeMethod loginToApp -->
  <testcase name="@AfterMethod logout" time="0.0" classname="testNG_Basics.AnnotatiosConcept_2">
    <skipped/>
  </testcase> <!-- @AfterMethod logout -->
  <testcase name="@AfterClass clearBrowser" time="0.0" classname="testNG_Basics.AnnotatiosConcept_2">
    <skipped/>
  </testcase> <!-- @AfterClass clearBrowser -->
  <testcase name="@AfterTest deleteTestUser" time="0.0" classname="testNG_Basics.AnnotatiosConcept_2">
    <skipped/>
  </testcase> <!-- @AfterTest deleteTestUser -->
  <testcase name="@AfterTest tearDown" time="0.0" classname="testNG_Basics.SampleTest_3">
    <skipped/>
  </testcase> <!-- @AfterTest tearDown -->
  <testcase name="googleSearchTest" time="0.0" classname="testNG_Basics.SampleTest_3">
    <skipped/>
  </testcase> <!-- googleSearchTest -->
  <testcase name="searchTest" time="0.0" classname="testNG_Basics.SampleTest_3">
    <skipped/>
  </testcase> <!-- searchTest -->
  <testcase name="urlTest" time="0.0" classname="testNG_Basics.SampleTest_3">
    <skipped/>
  </testcase> <!-- urlTest -->
  <testcase name="googleSearchTest" time="0.0" classname="testNG_Basics.GoogleTest_4">
    <skipped/>
  </testcase> <!-- googleSearchTest -->
  <testcase name="searchTest" time="0.0" classname="testNG_Basics.GoogleTest_4">
    <skipped/>
  </testcase> <!-- searchTest -->
  <testcase name="urlTest" time="0.0" classname="testNG_Basics.GoogleTest_4">
    <skipped/>
  </testcase> <!-- urlTest -->
  <testcase name="accountInfoTest" time="0.0" classname="testNG_Basics.AnnotatiosConcept_2">
    <skipped/>
  </testcase> <!-- accountInfoTest -->
  <testcase name="userInfoTest" time="0.0" classname="testNG_Basics.AnnotatiosConcept_2">
    <skipped/>
  </testcase> <!-- userInfoTest -->
</testsuite> <!-- Test -->
