<?xml version="1.0" encoding="UTF-8"?>
<testng-results skipped="0" failed="0" ignored="0" total="7" passed="7">
  <reporter-output>
  </reporter-output>
  <suite name="Regression Test" duration-ms="50759" started-at="2024-04-19T07:19:16Z" finished-at="2024-04-19T07:20:07Z">
    <groups>
    </groups>
    <test name="Opencart Test" duration-ms="46247" started-at="2024-04-19T07:19:16Z" finished-at="2024-04-19T07:20:03Z">
      <class name="testNG_XML_File.OpenCartTest_3">
        <test-method status="PASS" signature="setUp(java.lang.String, java.lang.String)[pri:0, instance:testNG_XML_File.OpenCartTest_3@7fac631b]" name="setUp" is-config="true" duration-ms="30645" started-at="2024-04-19T07:19:16Z" finished-at="2024-04-19T07:19:47Z">
          <params>
            <param index="0">
              <value>
                <![CDATA[https://demo.opencart.com/index.php?route=account/login]]>
              </value>
            </param>
            <param index="1">
              <value>
                <![CDATA[firefox]]>
              </value>
            </param>
          </params>
          <reporter-output>
          </reporter-output>
        </test-method> <!-- setUp -->
        <test-method status="PASS" signature="registerTest()[pri:1, instance:testNG_XML_File.OpenCartTest_3@7fac631b]" name="registerTest" duration-ms="5294" started-at="2024-04-19T07:19:47Z" finished-at="2024-04-19T07:19:52Z">
          <reporter-output>
          </reporter-output>
        </test-method> <!-- registerTest -->
        <test-method status="PASS" signature="urlTest()[pri:2, instance:testNG_XML_File.OpenCartTest_3@7fac631b]" name="urlTest" duration-ms="17" started-at="2024-04-19T07:19:52Z" finished-at="2024-04-19T07:19:53Z">
          <reporter-output>
          </reporter-output>
        </test-method> <!-- urlTest -->
        <test-method status="PASS" signature="tearDown()[pri:0, instance:testNG_XML_File.OpenCartTest_3@7fac631b]" name="tearDown" is-config="true" duration-ms="10125" started-at="2024-04-19T07:19:53Z" finished-at="2024-04-19T07:20:03Z">
          <reporter-output>
          </reporter-output>
        </test-method> <!-- tearDown -->
      </class> <!-- testNG_XML_File.OpenCartTest_3 -->
    </test> <!-- Opencart Test -->
    <test name="GoogleTest" duration-ms="46463" started-at="2024-04-19T07:19:16Z" finished-at="2024-04-19T07:20:03Z">
      <class name="testNG_XML_File.GoogleTest_1">
        <test-method status="PASS" signature="setUp(java.lang.String, java.lang.String)[pri:0, instance:testNG_XML_File.GoogleTest_1@4fe3c938]" name="setUp" is-config="true" duration-ms="32885" started-at="2024-04-19T07:19:16Z" finished-at="2024-04-19T07:19:49Z">
          <params>
            <param index="0">
              <value>
                <![CDATA[https://www.google.com/]]>
              </value>
            </param>
            <param index="1">
              <value>
                <![CDATA[firefox]]>
              </value>
            </param>
          </params>
          <reporter-output>
          </reporter-output>
        </test-method> <!-- setUp -->
        <test-method status="PASS" signature="searchTest()[pri:1, instance:testNG_XML_File.GoogleTest_1@4fe3c938]" name="searchTest" duration-ms="2076" started-at="2024-04-19T07:19:49Z" finished-at="2024-04-19T07:19:51Z">
          <reporter-output>
          </reporter-output>
        </test-method> <!-- searchTest -->
        <test-method status="PASS" signature="googleSearchTest()[pri:2, instance:testNG_XML_File.GoogleTest_1@4fe3c938]" name="googleSearchTest" duration-ms="341" started-at="2024-04-19T07:19:51Z" finished-at="2024-04-19T07:19:52Z">
          <reporter-output>
          </reporter-output>
        </test-method> <!-- googleSearchTest -->
        <test-method status="PASS" signature="urlTest()[pri:3, instance:testNG_XML_File.GoogleTest_1@4fe3c938]" name="urlTest" duration-ms="12" started-at="2024-04-19T07:19:52Z" finished-at="2024-04-19T07:19:52Z">
          <reporter-output>
          </reporter-output>
        </test-method> <!-- urlTest -->
        <test-method status="PASS" signature="tearDown()[pri:0, instance:testNG_XML_File.GoogleTest_1@4fe3c938]" name="tearDown" is-config="true" duration-ms="11096" started-at="2024-04-19T07:19:52Z" finished-at="2024-04-19T07:20:03Z">
          <reporter-output>
          </reporter-output>
        </test-method> <!-- tearDown -->
      </class> <!-- testNG_XML_File.GoogleTest_1 -->
    </test> <!-- GoogleTest -->
    <test name="Orange HRM Test" duration-ms="50759" started-at="2024-04-19T07:19:16Z" finished-at="2024-04-19T07:20:07Z">
      <class name="testNG_XML_File.OrangeHRMTest_2">
        <test-method status="PASS" signature="setUp(java.lang.String, java.lang.String)[pri:0, instance:testNG_XML_File.OrangeHRMTest_2@1d16f93d]" name="setUp" is-config="true" duration-ms="43272" started-at="2024-04-19T07:19:16Z" finished-at="2024-04-19T07:20:00Z">
          <params>
            <param index="0">
              <value>
                <![CDATA[https://www.orangehrm.com/]]>
              </value>
            </param>
            <param index="1">
              <value>
                <![CDATA[firefox]]>
              </value>
            </param>
          </params>
          <reporter-output>
          </reporter-output>
        </test-method> <!-- setUp -->
        <test-method status="PASS" signature="contactSalesTest()[pri:1, instance:testNG_XML_File.OrangeHRMTest_2@1d16f93d]" name="contactSalesTest" duration-ms="3744" started-at="2024-04-19T07:20:00Z" finished-at="2024-04-19T07:20:03Z">
          <reporter-output>
          </reporter-output>
        </test-method> <!-- contactSalesTest -->
        <test-method status="PASS" signature="urlTest()[pri:2, instance:testNG_XML_File.OrangeHRMTest_2@1d16f93d]" name="urlTest" duration-ms="26" started-at="2024-04-19T07:20:03Z" finished-at="2024-04-19T07:20:03Z">
          <reporter-output>
          </reporter-output>
        </test-method> <!-- urlTest -->
        <test-method status="PASS" signature="tearDown()[pri:0, instance:testNG_XML_File.OrangeHRMTest_2@1d16f93d]" name="tearDown" is-config="true" duration-ms="3699" started-at="2024-04-19T07:20:03Z" finished-at="2024-04-19T07:20:07Z">
          <reporter-output>
          </reporter-output>
        </test-method> <!-- tearDown -->
      </class> <!-- testNG_XML_File.OrangeHRMTest_2 -->
    </test> <!-- Orange HRM Test -->
  </suite> <!-- Regression Test -->
</testng-results>
