<?xml version="1.0" encoding="UTF-8"?>
<!-- Generated by org.testng.reporters.JUnitXMLReporter -->
<testsuite hostname="DESKTOP-TA0RUPS" ignored="0" name="GoogleTest" tests="3" failures="0" timestamp="22 Feb 2023 12:09:28 GMT" time="40.692" errors="0">
  <testcase name="searchTest" time="0.048" classname="testNG_XML_File.GoogleTest_1"/>
  <testcase name="googleSearchTest" time="0.036" classname="testNG_XML_File.GoogleTest_1"/>
  <testcase name="urlTest" time="0.006" classname="testNG_XML_File.GoogleTest_1"/>
</testsuite> <!-- GoogleTest -->
