<?xml version="1.0" encoding="UTF-8"?>
<!-- Generated by org.testng.reporters.JUnitXMLReporter -->
<testsuite hostname="DESKTOP-TA0RUPS" ignored="0" name="GoogleTest" tests="3" failures="0" timestamp="05 Feb 2023 13:15:24 GMT" time="11.501" errors="0">
  <testcase name="searchTest" time="0.067" classname="testNG_XML_File.GoogleTest_1"/>
  <testcase name="googleSearchTest" time="0.054" classname="testNG_XML_File.GoogleTest_1"/>
  <testcase name="urlTest" time="0.007" classname="testNG_XML_File.GoogleTest_1"/>
</testsuite> <!-- GoogleTest -->
